{
  "stats": {
    "suites": 1,
    "tests": 1,
    "passes": 1,
    "pending": 0,
    "failures": 0,
    "start": "2021-02-27T18:51:49.809Z",
    "end": "2021-02-27T18:51:52.107Z",
    "duration": 2298,
    "testsRegistered": 1,
    "passPercent": 100,
    "pendingPercent": 0,
    "other": 0,
    "hasOther": false,
    "skipped": 0,
    "hasSkipped": false
  },
  "results": [
    {
      "uuid": "2edd3507-0948-4886-adb1-524b4e50fd54",
      "title": "",
      "fullFile": "cypress/integration/examples/test-lib1.spec.ts",
      "file": "cypress/integration/examples/test-lib1.spec.ts",
      "beforeHooks": [],
      "afterHooks": [],
      "tests": [],
      "suites": [
        {
          "uuid": "b2749c82-d5e2-4ed5-92d7-68d0ea693d55",
          "title": "Angular App Testing Library",
          "fullFile": "",
          "file": "",
          "beforeHooks": [],
          "afterHooks": [],
          "tests": [
            {
              "title": "Verify the Menu options in UI",
              "fullTitle": "Angular App Testing Library Verify the Menu options in UI",
              "timedOut": null,
              "duration": 1199,
              "state": "passed",
              "speed": "slow",
              "pass": true,
              "fail": false,
              "pending": false,
              "context": null,
              "code": "cy.visit('http://localhost:3000/customers');\ncy.findByAltText('logo').should('exist');\ncy.findByText('Card View').should('exist');\ncy.findByText('List View').should('exist');\ncy.findByText('Map View').should('exist');\ncy.findByText('New Customer').should('exist');\n//to get an attribute of an element, add the element in get and provide the attribute name in the invoke method(2nd arguement)\ncy.get('.navbar-brand').invoke('attr', 'href').should('contain', '/customers');\ncy.findByText('Filter:').should('exist');\n//Add data-testId for a div and verify the names\ncy.findByTestId('customerGrid').findByText('Ted James').should('exist');\ncy.findByTestId('customerGrid').findByText('Phoenix, Arizona').should('exist');\ncy.findByTestId('customerGrid').findAllByText('View Orders').should('exist');\n/* cy.get('.clearfix:nth-child(1) > div:nth-child(2) > a').click();\n cy.findByTestId('customerOrderDetails').findByText('Orders for Ted James').should('exist');\n cy.findByTestId('customerOrderDetails').findByText('Basketball').should('exist');\n cy.findByTestId('customerOrderDetails').findByText('$7.99').should('exist');\n cy.findByTestId('customerOrderDetails').findByText('Shoes').should('exist');\n cy.findByTestId('customerOrderDetails').findByText('$199.99').should('exist');\n cy.findByTestId('customerOrderDetails').findByText('$207.98').should('exist');\n cy.findByText('View all Customers').should('exist');*/",
              "err": {},
              "uuid": "18d69fcd-9ecf-4b90-8cda-a1611d2a10cc",
              "parentUUID": "b2749c82-d5e2-4ed5-92d7-68d0ea693d55",
              "isHook": false,
              "skipped": false
            }
          ],
          "suites": [],
          "passes": [
            "18d69fcd-9ecf-4b90-8cda-a1611d2a10cc"
          ],
          "failures": [],
          "pending": [],
          "skipped": [],
          "duration": 1199,
          "root": false,
          "rootEmpty": false,
          "_timeout": 2000
        }
      ],
      "passes": [],
      "failures": [],
      "pending": [],
      "skipped": [],
      "duration": 0,
      "root": true,
      "rootEmpty": true,
      "_timeout": 2000
    }
  ],
  "meta": {
    "mocha": {
      "version": "7.0.1"
    },
    "mochawesome": {
      "options": {
        "quiet": false,
        "reportFilename": "mochawesome",
        "saveHtml": false,
        "saveJson": true,
        "consoleReporter": "spec",
        "useInlineDiffs": false,
        "code": true
      },
      "version": "6.2.2"
    },
    "marge": {
      "options": {
        "reportDir": "cypress/results",
        "overwrite": false,
        "html": false,
        "json": true
      },
      "version": "5.2.0"
    }
  }
}