{
  "stats": {
    "suites": 1,
    "tests": 1,
    "passes": 1,
    "pending": 0,
    "failures": 0,
    "start": "2021-02-27T18:58:28.516Z",
    "end": "2021-02-27T18:58:32.286Z",
    "duration": 3770,
    "testsRegistered": 1,
    "passPercent": 100,
    "pendingPercent": 0,
    "other": 0,
    "hasOther": false,
    "skipped": 0,
    "hasSkipped": false
  },
  "results": [
    {
      "uuid": "097c0000-b40e-4755-bbb2-6a46af1f2c64",
      "title": "",
      "fullFile": "cypress/integration/examples/login.spec.ts",
      "file": "cypress/integration/examples/login.spec.ts",
      "beforeHooks": [],
      "afterHooks": [],
      "tests": [],
      "suites": [
        {
          "uuid": "25b13c0b-5b12-4346-9bb0-0921a7b1b3fe",
          "title": "Git hub Login",
          "fullFile": "",
          "file": "",
          "beforeHooks": [],
          "afterHooks": [],
          "tests": [
            {
              "title": "Login to GitHub",
              "fullTitle": "Git hub Login Login to GitHub",
              "timedOut": null,
              "duration": 2015,
              "state": "passed",
              "speed": "slow",
              "pass": true,
              "fail": false,
              "pending": false,
              "context": null,
              "code": "cy.visit('https://github.com/login');\ncy.get('#login_field').type(\"arunk2493\");\ncy.get('#password').type(\"password\");\ncy.get('input[value=\"Sign in\"]').click();",
              "err": {},
              "uuid": "2c994ef3-baa3-4846-8530-4c16322b3389",
              "parentUUID": "25b13c0b-5b12-4346-9bb0-0921a7b1b3fe",
              "isHook": false,
              "skipped": false
            }
          ],
          "suites": [],
          "passes": [
            "2c994ef3-baa3-4846-8530-4c16322b3389"
          ],
          "failures": [],
          "pending": [],
          "skipped": [],
          "duration": 2015,
          "root": false,
          "rootEmpty": false,
          "_timeout": 2000
        }
      ],
      "passes": [],
      "failures": [],
      "pending": [],
      "skipped": [],
      "duration": 0,
      "root": true,
      "rootEmpty": true,
      "_timeout": 2000
    }
  ],
  "meta": {
    "mocha": {
      "version": "7.0.1"
    },
    "mochawesome": {
      "options": {
        "quiet": false,
        "reportFilename": "mochawesome",
        "saveHtml": false,
        "saveJson": true,
        "consoleReporter": "spec",
        "useInlineDiffs": false,
        "code": true
      },
      "version": "6.2.2"
    },
    "marge": {
      "options": {
        "reportDir": "cypress/results",
        "overwrite": false,
        "html": false,
        "json": true
      },
      "version": "5.2.0"
    }
  }
}