{
  "stats": {
    "suites": 1,
    "tests": 1,
    "passes": 1,
    "pending": 0,
    "failures": 0,
    "start": "2021-02-27T16:32:15.056Z",
    "end": "2021-02-27T16:32:18.868Z",
    "duration": 3812,
    "testsRegistered": 1,
    "passPercent": 100,
    "pendingPercent": 0,
    "other": 0,
    "hasOther": false,
    "skipped": 0,
    "hasSkipped": false
  },
  "results": [
    {
      "uuid": "dd117f0d-e1eb-4c2f-8dfc-12ede3794e8d",
      "title": "",
      "fullFile": "cypress/integration/examples/login3.spec.ts",
      "file": "cypress/integration/examples/login3.spec.ts",
      "beforeHooks": [],
      "afterHooks": [],
      "tests": [],
      "suites": [
        {
          "uuid": "7387befa-7515-43e8-b494-9f56401be415",
          "title": "Git hub Login Assertion Passed",
          "fullFile": "",
          "file": "",
          "beforeHooks": [],
          "afterHooks": [],
          "tests": [
            {
              "title": "Login to GitHub",
              "fullTitle": "Git hub Login Assertion Passed Login to GitHub",
              "timedOut": null,
              "duration": 1929,
              "state": "passed",
              "speed": "slow",
              "pass": true,
              "fail": false,
              "pending": false,
              "context": null,
              "code": "cy.visit('https://github.com/login');\ncy.get('#login_field').type(\"arunk2493\");\ncy.get('#password').type(\"password\");\ncy.get('input[value=\"Sign in\"]').click();\nvar a = cy.get('.flash >div').contains('Incorrect username or password.');\nconsole.log(a);",
              "err": {},
              "uuid": "c666c50a-aa1b-4ea8-ac91-07f62aeef8a0",
              "parentUUID": "7387befa-7515-43e8-b494-9f56401be415",
              "isHook": false,
              "skipped": false
            }
          ],
          "suites": [],
          "passes": [
            "c666c50a-aa1b-4ea8-ac91-07f62aeef8a0"
          ],
          "failures": [],
          "pending": [],
          "skipped": [],
          "duration": 1929,
          "root": false,
          "rootEmpty": false,
          "_timeout": 2000
        }
      ],
      "passes": [],
      "failures": [],
      "pending": [],
      "skipped": [],
      "duration": 0,
      "root": true,
      "rootEmpty": true,
      "_timeout": 2000
    }
  ],
  "meta": {
    "mocha": {
      "version": "7.0.1"
    },
    "mochawesome": {
      "options": {
        "quiet": false,
        "reportFilename": "mochawesome",
        "saveHtml": false,
        "saveJson": true,
        "consoleReporter": "spec",
        "useInlineDiffs": false,
        "code": true
      },
      "version": "6.2.2"
    },
    "marge": {
      "options": {
        "reportDir": "cypress/results",
        "overwrite": false,
        "html": false,
        "json": true
      },
      "version": "5.2.0"
    }
  }
}