{
  "stats": {
    "suites": 1,
    "tests": 1,
    "passes": 1,
    "pending": 0,
    "failures": 0,
    "start": "2021-02-27T18:55:15.276Z",
    "end": "2021-02-27T18:55:17.436Z",
    "duration": 2160,
    "testsRegistered": 1,
    "passPercent": 100,
    "pendingPercent": 0,
    "other": 0,
    "hasOther": false,
    "skipped": 0,
    "hasSkipped": false
  },
  "results": [
    {
      "uuid": "3a3d7545-1614-4a37-85bb-0a8b89cd40ad",
      "title": "",
      "fullFile": "cypress/integration/examples/login3.spec.ts",
      "file": "cypress/integration/examples/login3.spec.ts",
      "beforeHooks": [],
      "afterHooks": [],
      "tests": [],
      "suites": [
        {
          "uuid": "b1af4b79-f8fd-4568-b7e5-cdbcd38f0d10",
          "title": "Git hub Login Testing Library",
          "fullFile": "",
          "file": "",
          "beforeHooks": [],
          "afterHooks": [],
          "tests": [
            {
              "title": "Login to GitHub",
              "fullTitle": "Git hub Login Testing Library Login to GitHub",
              "timedOut": null,
              "duration": 772,
              "state": "passed",
              "speed": "slow",
              "pass": true,
              "fail": false,
              "pending": false,
              "context": null,
              "code": "cy.visit('https://github.com/login');\ncy.findByLabelText('Username or email address').should('exist');\ncy.findByDisplayValue('Sign in').should('exist');\n/*cy.get('#login_field').type(\"arunk2493\");\ncy.get('#password').type(\"password\");\ncy.get('input[value=\"Sign in\"]').click();\nconst a = cy.get('.flash >div').contains('Incorrect username or password.')\nconsole.log(a);*/",
              "err": {},
              "uuid": "431d06c7-75ce-43bf-bcc7-ce53ba7631f2",
              "parentUUID": "b1af4b79-f8fd-4568-b7e5-cdbcd38f0d10",
              "isHook": false,
              "skipped": false
            }
          ],
          "suites": [],
          "passes": [
            "431d06c7-75ce-43bf-bcc7-ce53ba7631f2"
          ],
          "failures": [],
          "pending": [],
          "skipped": [],
          "duration": 772,
          "root": false,
          "rootEmpty": false,
          "_timeout": 2000
        }
      ],
      "passes": [],
      "failures": [],
      "pending": [],
      "skipped": [],
      "duration": 0,
      "root": true,
      "rootEmpty": true,
      "_timeout": 2000
    }
  ],
  "meta": {
    "mocha": {
      "version": "7.0.1"
    },
    "mochawesome": {
      "options": {
        "quiet": false,
        "reportFilename": "mochawesome",
        "saveHtml": false,
        "saveJson": true,
        "consoleReporter": "spec",
        "useInlineDiffs": false,
        "code": true
      },
      "version": "6.2.2"
    },
    "marge": {
      "options": {
        "reportDir": "cypress/results",
        "overwrite": false,
        "html": false,
        "json": true
      },
      "version": "5.2.0"
    }
  }
}