{
  "stats": {
    "suites": 1,
    "tests": 1,
    "passes": 1,
    "pending": 0,
    "failures": 0,
    "start": "2021-02-27T18:56:42.050Z",
    "end": "2021-02-27T18:56:48.379Z",
    "duration": 6329,
    "testsRegistered": 1,
    "passPercent": 100,
    "pendingPercent": 0,
    "other": 0,
    "hasOther": false,
    "skipped": 0,
    "hasSkipped": false
  },
  "results": [
    {
      "uuid": "07456454-4fcc-4cc5-a8b8-278b7221f98d",
      "title": "",
      "fullFile": "cypress/integration/examples/login.spec.ts",
      "file": "cypress/integration/examples/login.spec.ts",
      "beforeHooks": [],
      "afterHooks": [],
      "tests": [],
      "suites": [
        {
          "uuid": "8e24661f-6c69-448d-a104-dc4632ccb03e",
          "title": "Git hub Login",
          "fullFile": "",
          "file": "",
          "beforeHooks": [],
          "afterHooks": [],
          "tests": [
            {
              "title": "Login to GitHub",
              "fullTitle": "Git hub Login Login to GitHub",
              "timedOut": null,
              "duration": 2131,
              "state": "passed",
              "speed": "slow",
              "pass": true,
              "fail": false,
              "pending": false,
              "context": null,
              "code": "cy.visit('https://github.com/login');\ncy.get('#login_field').type(\"arunk2493\");\ncy.get('#password').type(\"password\");\ncy.get('input[value=\"Sign in\"]').click();",
              "err": {},
              "uuid": "8bbdea46-9f40-49eb-beb0-dcb4e1c0a7b1",
              "parentUUID": "8e24661f-6c69-448d-a104-dc4632ccb03e",
              "isHook": false,
              "skipped": false
            }
          ],
          "suites": [],
          "passes": [
            "8bbdea46-9f40-49eb-beb0-dcb4e1c0a7b1"
          ],
          "failures": [],
          "pending": [],
          "skipped": [],
          "duration": 2131,
          "root": false,
          "rootEmpty": false,
          "_timeout": 2000
        }
      ],
      "passes": [],
      "failures": [],
      "pending": [],
      "skipped": [],
      "duration": 0,
      "root": true,
      "rootEmpty": true,
      "_timeout": 2000
    }
  ],
  "meta": {
    "mocha": {
      "version": "7.0.1"
    },
    "mochawesome": {
      "options": {
        "quiet": false,
        "reportFilename": "mochawesome",
        "saveHtml": false,
        "saveJson": true,
        "consoleReporter": "spec",
        "useInlineDiffs": false,
        "code": true
      },
      "version": "6.2.2"
    },
    "marge": {
      "options": {
        "reportDir": "cypress/results",
        "overwrite": false,
        "html": false,
        "json": true
      },
      "version": "5.2.0"
    }
  }
}