{
  "stats": {
    "suites": 1,
    "tests": 1,
    "passes": 1,
    "pending": 0,
    "failures": 0,
    "start": "2021-02-27T18:59:55.346Z",
    "end": "2021-02-27T18:59:59.114Z",
    "duration": 3768,
    "testsRegistered": 1,
    "passPercent": 100,
    "pendingPercent": 0,
    "other": 0,
    "hasOther": false,
    "skipped": 0,
    "hasSkipped": false
  },
  "results": [
    {
      "uuid": "93baf9cd-e6fa-4b39-8eef-13314cb56721",
      "title": "",
      "fullFile": "cypress/integration/examples/login.spec.ts",
      "file": "cypress/integration/examples/login.spec.ts",
      "beforeHooks": [],
      "afterHooks": [],
      "tests": [],
      "suites": [
        {
          "uuid": "e29d5c53-8f7d-4861-8231-9dc731c67222",
          "title": "Git hub Login",
          "fullFile": "",
          "file": "",
          "beforeHooks": [],
          "afterHooks": [],
          "tests": [
            {
              "title": "Login to GitHub",
              "fullTitle": "Git hub Login Login to GitHub",
              "timedOut": null,
              "duration": 2001,
              "state": "passed",
              "speed": "slow",
              "pass": true,
              "fail": false,
              "pending": false,
              "context": null,
              "code": "cy.visit('https://github.com/login');\ncy.get('#login_field').type(\"arunk2493\");\ncy.get('#password').type(\"password\");\ncy.get('input[value=\"Sign in\"]').click();",
              "err": {},
              "uuid": "3351e907-3d6b-442e-a724-f9a1abd2b1c4",
              "parentUUID": "e29d5c53-8f7d-4861-8231-9dc731c67222",
              "isHook": false,
              "skipped": false
            }
          ],
          "suites": [],
          "passes": [
            "3351e907-3d6b-442e-a724-f9a1abd2b1c4"
          ],
          "failures": [],
          "pending": [],
          "skipped": [],
          "duration": 2001,
          "root": false,
          "rootEmpty": false,
          "_timeout": 2000
        }
      ],
      "passes": [],
      "failures": [],
      "pending": [],
      "skipped": [],
      "duration": 0,
      "root": true,
      "rootEmpty": true,
      "_timeout": 2000
    }
  ],
  "meta": {
    "mocha": {
      "version": "7.0.1"
    },
    "mochawesome": {
      "options": {
        "quiet": false,
        "reportFilename": "mochawesome",
        "saveHtml": false,
        "saveJson": true,
        "consoleReporter": "spec",
        "useInlineDiffs": false,
        "code": true
      },
      "version": "6.2.2"
    },
    "marge": {
      "options": {
        "reportDir": "cypress/results",
        "overwrite": false,
        "html": false,
        "json": true
      },
      "version": "5.2.0"
    }
  }
}