{
  "stats": {
    "suites": 1,
    "tests": 1,
    "passes": 0,
    "pending": 0,
    "failures": 1,
    "start": "2021-02-27T15:24:49.110Z",
    "end": "2021-02-27T15:24:56.761Z",
    "duration": 7651,
    "testsRegistered": 1,
    "passPercent": 0,
    "pendingPercent": 0,
    "other": 0,
    "hasOther": false,
    "skipped": 0,
    "hasSkipped": false
  },
  "results": [
    {
      "uuid": "be7e6281-28a3-46a4-b7a6-1f1c747e1fb1",
      "title": "",
      "fullFile": "cypress/integration/examples/login2.spec.ts",
      "file": "cypress/integration/examples/login2.spec.ts",
      "beforeHooks": [],
      "afterHooks": [],
      "tests": [],
      "suites": [
        {
          "uuid": "032456c6-6d54-4aca-94c7-62c209a37522",
          "title": "Git hub Login",
          "fullFile": "",
          "file": "",
          "beforeHooks": [],
          "afterHooks": [],
          "tests": [
            {
              "title": "Login to GitHub",
              "fullTitle": "Git hub Login Login to GitHub",
              "timedOut": null,
              "duration": 6202,
              "state": "failed",
              "speed": null,
              "pass": false,
              "fail": true,
              "pending": false,
              "context": null,
              "code": "cy.visit('https://github.com/login');\ncy.get('#login_field').type(\"arunk2493\");\ncy.get('#password').type(\"password\");\ncy.get('input[value=\"Sign in\"]').click();\ncy.get('.flash >div').should('have.text', 'Incorrect username or password.');",
              "err": {
                "message": "AssertionError: Timed out retrying after 4000ms: expected '<div.container-lg.px-2>' to have text 'Incorrect username or password.', but the text was '\\n    \\n      \\n    \\n    \\n      Incorrect username or password.\\n\\n  '",
                "estack": "AssertionError: Timed out retrying after 4000ms: expected '<div.container-lg.px-2>' to have text 'Incorrect username or password.', but the text was '\\n    \\n      \\n    \\n    \\n      Incorrect username or password.\\n\\n  '\n    at Context.eval (https://github.com/__cypress/tests?p=cypress/integration/examples/login2.spec.ts:104:31)",
                "diff": "- '\\n    \\n      \\n    \\n    \\n      Incorrect username or password.\\n\\n  '\n+ 'Incorrect username or password.'\n"
              },
              "uuid": "c4d57c44-80c6-41b4-ae14-e3fa1400d6c7",
              "parentUUID": "032456c6-6d54-4aca-94c7-62c209a37522",
              "isHook": false,
              "skipped": false
            }
          ],
          "suites": [],
          "passes": [],
          "failures": [
            "c4d57c44-80c6-41b4-ae14-e3fa1400d6c7"
          ],
          "pending": [],
          "skipped": [],
          "duration": 6202,
          "root": false,
          "rootEmpty": false,
          "_timeout": 2000
        }
      ],
      "passes": [],
      "failures": [],
      "pending": [],
      "skipped": [],
      "duration": 0,
      "root": true,
      "rootEmpty": true,
      "_timeout": 2000
    }
  ],
  "meta": {
    "mocha": {
      "version": "7.0.1"
    },
    "mochawesome": {
      "options": {
        "quiet": false,
        "reportFilename": "mochawesome",
        "saveHtml": false,
        "saveJson": true,
        "consoleReporter": "spec",
        "useInlineDiffs": false,
        "code": true
      },
      "version": "6.2.2"
    },
    "marge": {
      "options": {
        "reportDir": "cypress/results",
        "overwrite": false,
        "html": false,
        "json": true
      },
      "version": "5.2.0"
    }
  }
}