{
  "stats": {
    "suites": 1,
    "tests": 1,
    "passes": 0,
    "pending": 0,
    "failures": 1,
    "start": "2021-02-27T15:31:42.518Z",
    "end": "2021-02-27T15:31:50.202Z",
    "duration": 7684,
    "testsRegistered": 1,
    "passPercent": 0,
    "pendingPercent": 0,
    "other": 0,
    "hasOther": false,
    "skipped": 0,
    "hasSkipped": false
  },
  "results": [
    {
      "uuid": "45259d70-fcac-4dc8-90a0-e71656c4847f",
      "title": "",
      "fullFile": "cypress/integration/examples/login2.spec.ts",
      "file": "cypress/integration/examples/login2.spec.ts",
      "beforeHooks": [],
      "afterHooks": [],
      "tests": [],
      "suites": [
        {
          "uuid": "c6d2e356-9af4-4a24-83c7-b41a59ee9c3c",
          "title": "Git hub Login",
          "fullFile": "",
          "file": "",
          "beforeHooks": [],
          "afterHooks": [],
          "tests": [
            {
              "title": "Login to GitHub",
              "fullTitle": "Git hub Login Login to GitHub",
              "timedOut": null,
              "duration": 6165,
              "state": "failed",
              "speed": null,
              "pass": false,
              "fail": true,
              "pending": false,
              "context": null,
              "code": "cy.visit('https://github.com/login');\ncy.get('#login_field').type(\"arunk2493\");\ncy.get('#password').type(\"password\");\ncy.get('input[value=\"Sign in\"]').click();\ncy.get('.flash >div').should('have.text', 'Incorrect username or password.');",
              "err": {
                "message": "AssertionError: Timed out retrying after 4000ms: expected '<div.container-lg.px-2>' to have text 'Incorrect username or password.', but the text was '\\n    \\n      \\n    \\n    \\n      Incorrect username or password.\\n\\n  '",
                "estack": "AssertionError: Timed out retrying after 4000ms: expected '<div.container-lg.px-2>' to have text 'Incorrect username or password.', but the text was '\\n    \\n      \\n    \\n    \\n      Incorrect username or password.\\n\\n  '\n    at Context.eval (https://github.com/__cypress/tests?p=cypress/integration/examples/login2.spec.ts:104:31)",
                "diff": "- '\\n    \\n      \\n    \\n    \\n      Incorrect username or password.\\n\\n  '\n+ 'Incorrect username or password.'\n"
              },
              "uuid": "925b9f8b-9118-494f-9bbd-f3e566463f4c",
              "parentUUID": "c6d2e356-9af4-4a24-83c7-b41a59ee9c3c",
              "isHook": false,
              "skipped": false
            }
          ],
          "suites": [],
          "passes": [],
          "failures": [
            "925b9f8b-9118-494f-9bbd-f3e566463f4c"
          ],
          "pending": [],
          "skipped": [],
          "duration": 6165,
          "root": false,
          "rootEmpty": false,
          "_timeout": 2000
        }
      ],
      "passes": [],
      "failures": [],
      "pending": [],
      "skipped": [],
      "duration": 0,
      "root": true,
      "rootEmpty": true,
      "_timeout": 2000
    }
  ],
  "meta": {
    "mocha": {
      "version": "7.0.1"
    },
    "mochawesome": {
      "options": {
        "quiet": false,
        "reportFilename": "mochawesome",
        "saveHtml": false,
        "saveJson": true,
        "consoleReporter": "spec",
        "useInlineDiffs": false,
        "code": true
      },
      "version": "6.2.2"
    },
    "marge": {
      "options": {
        "reportDir": "cypress/results",
        "overwrite": false,
        "html": false,
        "json": true
      },
      "version": "5.2.0"
    }
  }
}