{
  "stats": {
    "suites": 1,
    "tests": 1,
    "passes": 0,
    "pending": 0,
    "failures": 1,
    "start": "2021-02-27T18:58:35.537Z",
    "end": "2021-02-27T18:58:43.133Z",
    "duration": 7596,
    "testsRegistered": 1,
    "passPercent": 0,
    "pendingPercent": 0,
    "other": 0,
    "hasOther": false,
    "skipped": 0,
    "hasSkipped": false
  },
  "results": [
    {
      "uuid": "9272c78f-56cf-4f10-b278-52cfcf1e821b",
      "title": "",
      "fullFile": "cypress/integration/examples/login2.spec.ts",
      "file": "cypress/integration/examples/login2.spec.ts",
      "beforeHooks": [],
      "afterHooks": [],
      "tests": [],
      "suites": [
        {
          "uuid": "20246849-6dbc-4701-94e5-061673326ec6",
          "title": "Git hub Login Assertion",
          "fullFile": "",
          "file": "",
          "beforeHooks": [],
          "afterHooks": [],
          "tests": [
            {
              "title": "Login to GitHub",
              "fullTitle": "Git hub Login Assertion Login to GitHub",
              "timedOut": null,
              "duration": 6189,
              "state": "failed",
              "speed": null,
              "pass": false,
              "fail": true,
              "pending": false,
              "context": null,
              "code": "cy.visit('https://github.com/login');\ncy.get('#login_field').type(\"arunk2493\");\ncy.get('#password').type(\"password\");\ncy.get('input[value=\"Sign in\"]').click();\ncy.get('.flash >div').should('contains', 'Incorrect username or password.');",
              "err": {
                "message": "AssertionError: Timed out retrying after 4000ms: object tested must be an array, a map, an object, a set, a string, or a weakset, but object given",
                "estack": "AssertionError: Timed out retrying after 4000ms: object tested must be an array, a map, an object, a set, a string, or a weakset, but object given\n    at Context.eval (https://github.com/__cypress/tests?p=cypress/integration/examples/login2.spec.ts:104:31)",
                "diff": null
              },
              "uuid": "378e613e-1c15-4d65-bb7f-ca04fc2cef72",
              "parentUUID": "20246849-6dbc-4701-94e5-061673326ec6",
              "isHook": false,
              "skipped": false
            }
          ],
          "suites": [],
          "passes": [],
          "failures": [
            "378e613e-1c15-4d65-bb7f-ca04fc2cef72"
          ],
          "pending": [],
          "skipped": [],
          "duration": 6189,
          "root": false,
          "rootEmpty": false,
          "_timeout": 2000
        }
      ],
      "passes": [],
      "failures": [],
      "pending": [],
      "skipped": [],
      "duration": 0,
      "root": true,
      "rootEmpty": true,
      "_timeout": 2000
    }
  ],
  "meta": {
    "mocha": {
      "version": "7.0.1"
    },
    "mochawesome": {
      "options": {
        "quiet": false,
        "reportFilename": "mochawesome",
        "saveHtml": false,
        "saveJson": true,
        "consoleReporter": "spec",
        "useInlineDiffs": false,
        "code": true
      },
      "version": "6.2.2"
    },
    "marge": {
      "options": {
        "reportDir": "cypress/results",
        "overwrite": false,
        "html": false,
        "json": true
      },
      "version": "5.2.0"
    }
  }
}