<?xml version="1.0" encoding="UTF-8"?>
<testsuites name="Mocha Tests" time="1.9890" tests="1" failures="0">
  <testsuite name="Root Suite" timestamp="2021-02-27T15:19:37" tests="0" file="cypress/integration/examples/login.spec.ts" time="0.0000" failures="0">
  </testsuite>
  <testsuite name="Git hub Login" timestamp="2021-02-27T15:19:37" tests="1" time="1.9890" failures="0">
    <testcase name="Git hub Login Login to GitHub" time="1.9890" classname="Login to GitHub">
    </testcase>
  </testsuite>
</testsuites>